<?xml version="1.0" encoding="UTF-8"?>
<!-- Generated by org.testng.reporters.JUnitXMLReporter -->
<testsuite ignored="0" hostname="DESKTOP-IA9V266" failures="1" tests="2" name="Personal Loan" time="39.357" errors="0" timestamp="2024-03-18T15:47:00 GMT">
  <testcase classname="SeleniumFramework2.Data.CartMainRun" name="CartMainRun" time="1.248">
    <failure type="java.lang.AssertionError" message="expected [Incorrect email or password.] but found [Login Successfully]">
      <![CDATA[java.lang.AssertionError: expected [Incorrect email or password.] but found [Login Successfully]
at SeleniumFramework2.Data.CartMainRun.CartMainRun(CartMainRun.java:52)
at java.base/java.util.ArrayList.forEach(ArrayList.java:1511)
... Removed 33 stack frames]]>
    </failure>
  </testcase> <!-- CartMainRun -->
  <testcase classname="SeleniumFramework2.Data.CartMainRun" name="CartMainRun" time="3.171"/>
</testsuite> <!-- Personal Loan -->
